{"C:\\Users\\patel\\EntertainMe\\back-end\\server\\index.js": {"path":"C:\\Users\\patel\\EntertainMe\\back-end\\server\\index.js","statementMap":{"0":{"start":{"line":1,"column":16},"end":{"line":1,"column":34}},"1":{"start":{"line":2,"column":13},"end":{"line":2,"column":28}},"2":{"start":{"line":3,"column":17},"end":{"line":3,"column":36}},"3":{"start":{"line":4,"column":15},"end":{"line":4,"column":32}},"4":{"start":{"line":5,"column":15},"end":{"line":5,"column":32}},"5":{"start":{"line":6,"column":12},"end":{"line":6,"column":35}},"6":{"start":{"line":7,"column":13},"end":{"line":7,"column":40}},"7":{"start":{"line":8,"column":14},"end":{"line":8,"column":39}},"8":{"start":{"line":9,"column":16},"end":{"line":9,"column":43}},"9":{"start":{"line":11,"column":0},"end":{"line":11,"column":16}},"10":{"start":{"line":12,"column":0},"end":{"line":12,"column":53}},"11":{"start":{"line":13,"column":0},"end":{"line":13,"column":55}},"12":{"start":{"line":15,"column":12},"end":{"line":15,"column":21}},"13":{"start":{"line":16,"column":13},"end":{"line":16,"column":37}},"14":{"start":{"line":18,"column":0},"end":{"line":18,"column":16}},"15":{"start":{"line":19,"column":0},"end":{"line":19,"column":24}},"16":{"start":{"line":21,"column":0},"end":{"line":30,"column":34}},"17":{"start":{"line":26,"column":4},"end":{"line":28,"column":5}},"18":{"start":{"line":27,"column":8},"end":{"line":27,"column":41}},"19":{"start":{"line":30,"column":14},"end":{"line":30,"column":32}},"20":{"start":{"line":34,"column":13},"end":{"line":45,"column":1}},"21":{"start":{"line":35,"column":18},"end":{"line":35,"column":69}},"22":{"start":{"line":36,"column":4},"end":{"line":36,"column":62}},"23":{"start":{"line":36,"column":16},"end":{"line":36,"column":62}},"24":{"start":{"line":38,"column":4},"end":{"line":44,"column":5}},"25":{"start":{"line":39,"column":25},"end":{"line":39,"column":66}},"26":{"start":{"line":40,"column":8},"end":{"line":40,"column":28}},"27":{"start":{"line":41,"column":8},"end":{"line":41,"column":15}},"28":{"start":{"line":43,"column":8},"end":{"line":43,"column":47}},"29":{"start":{"line":48,"column":12},"end":{"line":51,"column":1}},"30":{"start":{"line":54,"column":0},"end":{"line":56,"column":3}},"31":{"start":{"line":55,"column":4},"end":{"line":55,"column":20}},"32":{"start":{"line":59,"column":0},"end":{"line":64,"column":3}},"33":{"start":{"line":60,"column":20},"end":{"line":60,"column":28}},"34":{"start":{"line":61,"column":4},"end":{"line":61,"column":34}},"35":{"start":{"line":62,"column":4},"end":{"line":62,"column":24}},"36":{"start":{"line":63,"column":4},"end":{"line":63,"column":34}},"37":{"start":{"line":67,"column":0},"end":{"line":71,"column":3}},"38":{"start":{"line":68,"column":15},"end":{"line":68,"column":38}},"39":{"start":{"line":69,"column":4},"end":{"line":69,"column":49}},"40":{"start":{"line":69,"column":33},"end":{"line":69,"column":47}},"41":{"start":{"line":70,"column":4},"end":{"line":70,"column":27}},"42":{"start":{"line":74,"column":0},"end":{"line":86,"column":3}},"43":{"start":{"line":75,"column":15},"end":{"line":75,"column":38}},"44":{"start":{"line":76,"column":34},"end":{"line":76,"column":42}},"45":{"start":{"line":77,"column":17},"end":{"line":77,"column":51}},"46":{"start":{"line":77,"column":36},"end":{"line":77,"column":50}},"47":{"start":{"line":79,"column":4},"end":{"line":85,"column":5}},"48":{"start":{"line":80,"column":8},"end":{"line":80,"column":25}},"49":{"start":{"line":81,"column":8},"end":{"line":81,"column":39}},"50":{"start":{"line":82,"column":8},"end":{"line":82,"column":23}},"51":{"start":{"line":84,"column":8},"end":{"line":84,"column":47}},"52":{"start":{"line":89,"column":0},"end":{"line":100,"column":3}},"53":{"start":{"line":90,"column":38},"end":{"line":90,"column":46}},"54":{"start":{"line":91,"column":27},"end":{"line":91,"column":58}},"55":{"start":{"line":92,"column":20},"end":{"line":92,"column":71}},"56":{"start":{"line":94,"column":4},"end":{"line":99,"column":5}},"57":{"start":{"line":95,"column":8},"end":{"line":95,"column":29}},"58":{"start":{"line":96,"column":8},"end":{"line":96,"column":48}},"59":{"start":{"line":98,"column":8},"end":{"line":98,"column":55}},"60":{"start":{"line":103,"column":0},"end":{"line":118,"column":3}},"61":{"start":{"line":104,"column":32},"end":{"line":104,"column":40}},"62":{"start":{"line":106,"column":4},"end":{"line":117,"column":5}},"63":{"start":{"line":107,"column":21},"end":{"line":107,"column":50}},"64":{"start":{"line":108,"column":8},"end":{"line":108,"column":66}},"65":{"start":{"line":108,"column":19},"end":{"line":108,"column":66}},"66":{"start":{"line":110,"column":24},"end":{"line":110,"column":69}},"67":{"start":{"line":111,"column":8},"end":{"line":111,"column":74}},"68":{"start":{"line":111,"column":22},"end":{"line":111,"column":74}},"69":{"start":{"line":113,"column":22},"end":{"line":113,"column":93}},"70":{"start":{"line":114,"column":8},"end":{"line":114,"column":28}},"71":{"start":{"line":116,"column":8},"end":{"line":116,"column":49}},"72":{"start":{"line":121,"column":0},"end":{"line":128,"column":3}},"73":{"start":{"line":122,"column":4},"end":{"line":127,"column":5}},"74":{"start":{"line":123,"column":22},"end":{"line":123,"column":39}},"75":{"start":{"line":124,"column":8},"end":{"line":124,"column":24}},"76":{"start":{"line":126,"column":8},"end":{"line":126,"column":55}},"77":{"start":{"line":131,"column":0},"end":{"line":139,"column":3}},"78":{"start":{"line":132,"column":4},"end":{"line":138,"column":5}},"79":{"start":{"line":133,"column":28},"end":{"line":133,"column":96}},"80":{"start":{"line":134,"column":8},"end":{"line":134,"column":72}},"81":{"start":{"line":134,"column":26},"end":{"line":134,"column":72}},"82":{"start":{"line":135,"column":8},"end":{"line":135,"column":30}},"83":{"start":{"line":137,"column":8},"end":{"line":137,"column":52}},"84":{"start":{"line":142,"column":0},"end":{"line":149,"column":3}},"85":{"start":{"line":143,"column":4},"end":{"line":148,"column":5}},"86":{"start":{"line":144,"column":8},"end":{"line":144,"column":52}},"87":{"start":{"line":145,"column":8},"end":{"line":145,"column":31}},"88":{"start":{"line":147,"column":8},"end":{"line":147,"column":52}},"89":{"start":{"line":152,"column":0},"end":{"line":162,"column":3}},"90":{"start":{"line":153,"column":58},"end":{"line":153,"column":66}},"91":{"start":{"line":154,"column":21},"end":{"line":154,"column":77}},"92":{"start":{"line":156,"column":4},"end":{"line":161,"column":5}},"93":{"start":{"line":157,"column":8},"end":{"line":157,"column":30}},"94":{"start":{"line":158,"column":8},"end":{"line":158,"column":39}},"95":{"start":{"line":160,"column":8},"end":{"line":160,"column":53}},"96":{"start":{"line":166,"column":0},"end":{"line":168,"column":3}},"97":{"start":{"line":167,"column":4},"end":{"line":167,"column":44}},"98":{"start":{"line":171,"column":0},"end":{"line":171,"column":21}},"99":{"start":{"line":174,"column":0},"end":{"line":178,"column":1}},"100":{"start":{"line":175,"column":4},"end":{"line":177,"column":7}},"101":{"start":{"line":176,"column":8},"end":{"line":176,"column":69}}},"fnMap":{"0":{"name":"(anonymous_0)","decl":{"start":{"line":25,"column":6},"end":{"line":25,"column":7}},"loc":{"start":{"line":25,"column":12},"end":{"line":29,"column":1}},"line":25},"1":{"name":"(anonymous_1)","decl":{"start":{"line":30,"column":7},"end":{"line":30,"column":8}},"loc":{"start":{"line":30,"column":14},"end":{"line":30,"column":32}},"line":30},"2":{"name":"(anonymous_2)","decl":{"start":{"line":34,"column":13},"end":{"line":34,"column":14}},"loc":{"start":{"line":34,"column":33},"end":{"line":45,"column":1}},"line":34},"3":{"name":"(anonymous_3)","decl":{"start":{"line":54,"column":22},"end":{"line":54,"column":23}},"loc":{"start":{"line":54,"column":36},"end":{"line":56,"column":1}},"line":54},"4":{"name":"(anonymous_4)","decl":{"start":{"line":59,"column":23},"end":{"line":59,"column":24}},"loc":{"start":{"line":59,"column":37},"end":{"line":64,"column":1}},"line":59},"5":{"name":"(anonymous_5)","decl":{"start":{"line":67,"column":29},"end":{"line":67,"column":30}},"loc":{"start":{"line":67,"column":43},"end":{"line":71,"column":1}},"line":67},"6":{"name":"(anonymous_6)","decl":{"start":{"line":69,"column":25},"end":{"line":69,"column":26}},"loc":{"start":{"line":69,"column":33},"end":{"line":69,"column":47}},"line":69},"7":{"name":"(anonymous_7)","decl":{"start":{"line":74,"column":26},"end":{"line":74,"column":27}},"loc":{"start":{"line":74,"column":40},"end":{"line":86,"column":1}},"line":74},"8":{"name":"(anonymous_8)","decl":{"start":{"line":77,"column":28},"end":{"line":77,"column":29}},"loc":{"start":{"line":77,"column":36},"end":{"line":77,"column":50}},"line":77},"9":{"name":"(anonymous_9)","decl":{"start":{"line":89,"column":26},"end":{"line":89,"column":27}},"loc":{"start":{"line":89,"column":46},"end":{"line":100,"column":1}},"line":89},"10":{"name":"(anonymous_10)","decl":{"start":{"line":103,"column":23},"end":{"line":103,"column":24}},"loc":{"start":{"line":103,"column":43},"end":{"line":118,"column":1}},"line":103},"11":{"name":"(anonymous_11)","decl":{"start":{"line":121,"column":28},"end":{"line":121,"column":29}},"loc":{"start":{"line":121,"column":48},"end":{"line":128,"column":1}},"line":121},"12":{"name":"(anonymous_12)","decl":{"start":{"line":131,"column":32},"end":{"line":131,"column":33}},"loc":{"start":{"line":131,"column":52},"end":{"line":139,"column":1}},"line":131},"13":{"name":"(anonymous_13)","decl":{"start":{"line":142,"column":35},"end":{"line":142,"column":36}},"loc":{"start":{"line":142,"column":55},"end":{"line":149,"column":1}},"line":142},"14":{"name":"(anonymous_14)","decl":{"start":{"line":152,"column":30},"end":{"line":152,"column":31}},"loc":{"start":{"line":152,"column":50},"end":{"line":162,"column":1}},"line":152},"15":{"name":"(anonymous_15)","decl":{"start":{"line":166,"column":13},"end":{"line":166,"column":14}},"loc":{"start":{"line":166,"column":27},"end":{"line":168,"column":1}},"line":166},"16":{"name":"(anonymous_16)","decl":{"start":{"line":175,"column":21},"end":{"line":175,"column":22}},"loc":{"start":{"line":175,"column":27},"end":{"line":177,"column":5}},"line":175}},"branchMap":{"0":{"loc":{"start":{"line":16,"column":13},"end":{"line":16,"column":37}},"type":"binary-expr","locations":[{"start":{"line":16,"column":13},"end":{"line":16,"column":29}},{"start":{"line":16,"column":33},"end":{"line":16,"column":37}}],"line":16},"1":{"loc":{"start":{"line":26,"column":4},"end":{"line":28,"column":5}},"type":"if","locations":[{"start":{"line":26,"column":4},"end":{"line":28,"column":5}},{"start":{},"end":{}}],"line":26},"2":{"loc":{"start":{"line":36,"column":4},"end":{"line":36,"column":62}},"type":"if","locations":[{"start":{"line":36,"column":4},"end":{"line":36,"column":62}},{"start":{},"end":{}}],"line":36},"3":{"loc":{"start":{"line":79,"column":4},"end":{"line":85,"column":5}},"type":"if","locations":[{"start":{"line":79,"column":4},"end":{"line":85,"column":5}},{"start":{"line":83,"column":11},"end":{"line":85,"column":5}}],"line":79},"4":{"loc":{"start":{"line":108,"column":8},"end":{"line":108,"column":66}},"type":"if","locations":[{"start":{"line":108,"column":8},"end":{"line":108,"column":66}},{"start":{},"end":{}}],"line":108},"5":{"loc":{"start":{"line":111,"column":8},"end":{"line":111,"column":74}},"type":"if","locations":[{"start":{"line":111,"column":8},"end":{"line":111,"column":74}},{"start":{},"end":{}}],"line":111},"6":{"loc":{"start":{"line":134,"column":8},"end":{"line":134,"column":72}},"type":"if","locations":[{"start":{"line":134,"column":8},"end":{"line":134,"column":72}},{"start":{},"end":{}}],"line":134},"7":{"loc":{"start":{"line":174,"column":0},"end":{"line":178,"column":1}},"type":"if","locations":[{"start":{"line":174,"column":0},"end":{"line":178,"column":1}},{"start":{},"end":{}}],"line":174}},"s":{"0":1,"1":1,"2":1,"3":1,"4":1,"5":1,"6":1,"7":1,"8":1,"9":1,"10":1,"11":1,"12":1,"13":1,"14":1,"15":1,"16":1,"17":1,"18":0,"19":0,"20":1,"21":0,"22":0,"23":0,"24":0,"25":0,"26":0,"27":0,"28":0,"29":1,"30":1,"31":1,"32":1,"33":1,"34":1,"35":1,"36":1,"37":1,"38":0,"39":0,"40":0,"41":0,"42":1,"43":0,"44":0,"45":0,"46":0,"47":0,"48":0,"49":0,"50":0,"51":0,"52":1,"53":0,"54":0,"55":0,"56":0,"57":0,"58":0,"59":0,"60":1,"61":0,"62":0,"63":0,"64":0,"65":0,"66":0,"67":0,"68":0,"69":0,"70":0,"71":0,"72":1,"73":0,"74":0,"75":0,"76":0,"77":1,"78":0,"79":0,"80":0,"81":0,"82":0,"83":0,"84":1,"85":0,"86":0,"87":0,"88":0,"89":1,"90":0,"91":0,"92":0,"93":0,"94":0,"95":0,"96":1,"97":0,"98":1,"99":1,"100":0,"101":0},"f":{"0":1,"1":0,"2":0,"3":1,"4":1,"5":0,"6":0,"7":0,"8":0,"9":0,"10":0,"11":0,"12":0,"13":0,"14":0,"15":0,"16":0},"b":{"0":[1,1],"1":[0,1],"2":[0,0],"3":[0,0],"4":[0,0],"5":[0,0],"6":[0,0],"7":[0,1]},"_coverageSchema":"1a1c01bbd47fc00a2c39e90264f33305004495a9","hash":"1e35d3c72d023221074cc4034830f9c9886950dd"}
,"C:\\Users\\patel\\EntertainMe\\back-end\\server\\models\\Booking.js": {"path":"C:\\Users\\patel\\EntertainMe\\back-end\\server\\models\\Booking.js","statementMap":{"0":{"start":{"line":1,"column":17},"end":{"line":1,"column":36}},"1":{"start":{"line":3,"column":22},"end":{"line":23,"column":2}},"2":{"start":{"line":25,"column":16},"end":{"line":25,"column":56}},"3":{"start":{"line":26,"column":0},"end":{"line":26,"column":25}}},"fnMap":{},"branchMap":{},"s":{"0":1,"1":1,"2":1,"3":1},"f":{},"b":{},"_coverageSchema":"1a1c01bbd47fc00a2c39e90264f33305004495a9","hash":"19372c9abb3f7c2fb6ded650b7c8c38a361c9755"}
,"C:\\Users\\patel\\EntertainMe\\back-end\\server\\models\\Event.js": {"path":"C:\\Users\\patel\\EntertainMe\\back-end\\server\\models\\Event.js","statementMap":{"0":{"start":{"line":1,"column":17},"end":{"line":1,"column":36}},"1":{"start":{"line":3,"column":20},"end":{"line":24,"column":2}},"2":{"start":{"line":26,"column":14},"end":{"line":26,"column":50}},"3":{"start":{"line":27,"column":0},"end":{"line":27,"column":23}}},"fnMap":{},"branchMap":{},"s":{"0":1,"1":1,"2":1,"3":1},"f":{},"b":{},"_coverageSchema":"1a1c01bbd47fc00a2c39e90264f33305004495a9","hash":"b039e67012480956192fc01c9971a58611ae73cb"}
,"C:\\Users\\patel\\EntertainMe\\back-end\\server\\models\\User.js": {"path":"C:\\Users\\patel\\EntertainMe\\back-end\\server\\models\\User.js","statementMap":{"0":{"start":{"line":1,"column":17},"end":{"line":1,"column":36}},"1":{"start":{"line":3,"column":19},"end":{"line":18,"column":2}},"2":{"start":{"line":20,"column":13},"end":{"line":20,"column":47}},"3":{"start":{"line":21,"column":0},"end":{"line":21,"column":22}}},"fnMap":{},"branchMap":{},"s":{"0":1,"1":1,"2":1,"3":1},"f":{},"b":{},"_coverageSchema":"1a1c01bbd47fc00a2c39e90264f33305004495a9","hash":"837f793e0381a6ff99fefc17ddb32735e28513af"}
}
